Using stream ID from command line: 20250430_165817
NLTK words downloaded successfully
Found credentials at: bsltranslator-93f00-firebase-adminsdk-fbsvc-55978db132.json
Firebase initialized with credentials from bsltranslator-93f00-firebase-adminsdk-fbsvc-55978db132.json
Found model at: model.p
Model loaded from model.p
BSL Bridge Integration Starting...
Checking if stream 20250430_165817 is active...
Starting processing for stream: 20250430_165817
Starting to process stream: 20250430_165817
Debug window created successfully
Translation updated: BSL Translation will appear here...
Current Input Buffer: T
Current Input Buffer: TT
Current Input Buffer: TTT
Finalized Word: TYT
Translation updated: TYT
Current Input Buffer: T
Finalized Word: T
Translation updated: TYT T
Current Input Buffer: A
Current Input Buffer: AA
Finalized Word: AA
Translation updated: TYT T AA
