Using stream ID from command line: 20250430_165817
NLTK words downloaded successfully
Found credentials at: bsltranslator-93f00-firebase-adminsdk-fbsvc-55978db132.json
Firebase initialized with credentials from bsltranslator-93f00-firebase-adminsdk-fbsvc-55978db132.json
Found model at: model.p
Model loaded from model.p
BSL Bridge Integration Starting...
Checking if stream 20250430_165817 is active...
Starting processing for stream: 20250430_165817
Starting to process stream: 20250430_165817
Debug window created successfully
Translation updated: BSL Translation will appear here...
Current Input Buffer: T
Current Input Buffer: TT
Current Input Buffer: TTT
Finalized Word: TYT
Translation updated: TYT
Current Input Buffer: T
Finalized Word: T
Translation updated: TYT T
Current Input Buffer: A
Current Input Buffer: AA
Finalized Word: AA
Translation updated: TYT T AA
Using stream ID from command line: 20250503_131609
NLTK words downloaded successfully
Found credentials at: bsltranslator-93f00-firebase-adminsdk-fbsvc-55978db132.json
Firebase initialized with credentials from bsltranslator-93f00-firebase-adminsdk-fbsvc-55978db132.json
Found model at: model.p
Model loaded from model.p
BSL Bridge Integration Starting...
Checking if stream 20250503_131609 is active...
Starting processing for stream: 20250503_131609
Starting to process stream: 20250503_131609
Debug window created successfully
Translation updated: BSL Translation will appear here...
Current Input Buffer: N
Current Input Buffer: NN
Current Input Buffer: NNN
Current Input Buffer: NNNS
Finalized Word: WINNINGS
Translation updated: WINNINGS
Current Input Buffer: S
Current Input Buffer: SS
Current Input Buffer: SSS
Finalized Word: ASSIS
Translation updated: WINNINGS ASSIS
Stream 20250503_131609 is no longer active.
Stream processing ended
Using stream ID from command line: 20250503_133050
NLTK words downloaded successfully
Found credentials at: bsltranslator-93f00-firebase-adminsdk-fbsvc-55978db132.json
Firebase initialized with credentials from bsltranslator-93f00-firebase-adminsdk-fbsvc-55978db132.json
Found model at: model.p
Model loaded from model.p
BSL Bridge Integration Starting...
Checking if stream 20250503_133050 is active...
Starting processing for stream: 20250503_133050
Starting to process stream: 20250503_133050
Debug window created successfully
Translation updated: BSL Translation will appear here...
Current Input Buffer: W
Current Input Buffer: WH
Current Input Buffer: WHH
Finalized Word: WHUSH
Translation updated: WHUSH
Using stream ID from command line: 20250503_134243
NLTK words downloaded successfully
Found credentials at: bsltranslator-93f00-firebase-adminsdk-fbsvc-55978db132.json
Firebase initialized with credentials from bsltranslator-93f00-firebase-adminsdk-fbsvc-55978db132.json
Found model at: model.p
Model loaded from model.p
BSL Bridge Integration Starting...
Checking if stream 20250503_134243 is active...
Starting processing for stream: 20250503_134243
Starting to process stream: 20250503_134243
Debug window created successfully
Translation updated: BSL Translation will appear here...
Current Input Buffer: H
Current Input Buffer: HF
Finalized Word: THOF
Translation updated: THOF
Current Input Buffer: F
Stream 20250503_134243 is no longer active.
Stream processing ended
Using stream ID from command line: 20250503_135514
NLTK words downloaded successfully
Found credentials at: bsltranslator-93f00-firebase-adminsdk-fbsvc-55978db132.json
Firebase initialized with credentials from bsltranslator-93f00-firebase-adminsdk-fbsvc-55978db132.json
Found model at: model.p
Model loaded from model.p
BSL Bridge Integration Starting...
Checking if stream 20250503_135514 is active...
Starting processing for stream: 20250503_135514
Starting to process stream: 20250503_135514
Debug window created successfully
Translation updated: BSL Translation will appear here...
Current Input Buffer: G
Current Input Buffer: GF
Current Input Buffer: GFF
Current Input Buffer: GFFF
Current Input Buffer: GFFFF
Current Input Buffer: GFFFFF
Finalized Word: GIFFGAFF
Translation updated: GIFFGAFF
Current Input Buffer: F
Stream 20250503_135514 is no longer active.
Stream processing ended
Using stream ID from command line: 20250503_164438
NLTK words downloaded successfully
Found credentials at: bsltranslator-93f00-firebase-adminsdk-fbsvc-55978db132.json
Firebase initialized with credentials from bsltranslator-93f00-firebase-adminsdk-fbsvc-55978db132.json
Found model at: model.p
Model loaded from model.p
BSL Bridge Integration Starting...
Checking if stream 20250503_164438 is active...
Starting processing for stream: 20250503_164438
Starting to process stream: 20250503_164438
Debug window created successfully
Translation updated: BSL Translation will appear here...
Current Input Buffer: G
Current Input Buffer: GG
Current Input Buffer: GGG
Current Input Buffer: GGGG
Finalized Word: LUGGNAGG
Translation updated: LUGGNAGG
No frame data available
No frame data available
No frame data available
No frame data available
No frame data available
No frame data available
No frame data available
No frame data available
No frame data available
No frame data available
No frame data available
No frame data available
No frame data available
No frame data available
No frame data available
No frame data available
No frame data available
No frame data available
No frame data available
No frame data available
No frame data available
No frame data available
No frame data available
No frame data available
No frame data available
No frame data available
No frame data available
No frame data available
No frame data available
No frame data available
No frame data available
No frame data available
No frame data available
No frame data available
No frame data available
No frame data available
No frame data available
No frame data available
No frame data available
No frame data available
No frame data available
No frame data available
No frame data available
No frame data available
No frame data available
No frame data available
No frame data available
No frame data available
No frame data available
No frame data available
No frame data available
Using stream ID from command line: 20250503_171732
No frame data available
NLTK words downloaded successfully
Found credentials at: bsltranslator-93f00-firebase-adminsdk-fbsvc-55978db132.json
Firebase initialized with credentials from bsltranslator-93f00-firebase-adminsdk-fbsvc-55978db132.json
Found model at: model.p
No frame data available
Model loaded from model.p
BSL Bridge Integration Starting...
Checking if stream 20250503_171732 is active...
Stream 20250503_164438 is no longer active.
Stream processing ended
Starting processing for stream: 20250503_171732
Starting to process stream: 20250503_171732
Debug window created successfully
Translation updated: BSL Translation will appear here...
Current Input Buffer: T
Current Input Buffer: TT
Current Input Buffer: TTT
Current Input Buffer: TTTT
Current Input Buffer: TTTTT
Current Input Buffer: TTTTTT
Finalized Word: TTTTTT
Translation updated: TTTTTT
Current Input Buffer: T
Current Input Buffer: TT
Using stream ID from command line: 20250503_191151
NLTK words downloaded successfully
Found credentials at: bsltranslator-93f00-firebase-adminsdk-fbsvc-55978db132.json
Firebase initialized with credentials from bsltranslator-93f00-firebase-adminsdk-fbsvc-55978db132.json
Found model at: model.p
Model loaded from model.p
BSL Bridge Integration Starting...
Checking if stream 20250503_191151 is active...
Starting processing for stream: 20250503_191151
Starting to process stream: 20250503_191151
Debug window created successfully
Translation updated: BSL Translation will appear here...
Current Input Buffer: H
Using stream ID from command line: 20250503_191151
NLTK words downloaded successfully
Found credentials at: bsltranslator-93f00-firebase-adminsdk-fbsvc-55978db132.json
Firebase initialized with credentials from bsltranslator-93f00-firebase-adminsdk-fbsvc-55978db132.json
Found model at: model.p
Model loaded from model.p
BSL Bridge Integration Starting...
Checking if stream 20250503_191151 is active...
Starting processing for stream: 20250503_191151
Starting to process stream: 20250503_191151
Debug window created successfully
Translation updated: BSL Translation will appear here...
Current Input Buffer: W
Finalized Word: H
Translation updated: H
Finalized Word: W
Translation updated: W
Current Input Buffer: Z
Current Input Buffer: Z
Current Input Buffer: ZZ
Current Input Buffer: ZZ
Current Input Buffer: ZZZ
Current Input Buffer: ZZZ
Current Input Buffer: ZZZZ
Current Input Buffer: ZZZZ
Current Input Buffer: ZZZZZ
Current Input Buffer: ZZZZZ
Finalized Word: ZZZZZ
Finalized Word: ZZZZZ
Translation updated: W ZZZZZ
Translation updated: H ZZZZZ
Current Input Buffer: Q
Current Input Buffer: Q
Current Input Buffer: QQ
Current Input Buffer: QQ
Current Input Buffer: QQQ
Current Input Buffer: QQQ
Current Input Buffer: QQQQ
Finalized Word: QQQ
Translation updated: W ZZZZZ QQQ
Finalized Word: QQQQ
Translation updated: H ZZZZZ QQQQ
Current Input Buffer: A
Current Input Buffer: A
No frame data available
No frame data available
No frame data available
No frame data available
No frame data available
No frame data available
No frame data available
No frame data available
No frame data available
No frame data available
No frame data available
No frame data available
No frame data available
No frame data available
No frame data available
No frame data available
No frame data available
No frame data available
No frame data available
No frame data available
No frame data available
No frame data available
No frame data available
No frame data available
No frame data available
No frame data available
No frame data available
No frame data available
No frame data available
No frame data available
No frame data available
No frame data available
No frame data available
No frame data available
No frame data available
No frame data available
No frame data available
No frame data available
No frame data available
No frame data available
No frame data available
No frame data available
No frame data available
No frame data available
No frame data available
No frame data available
No frame data available
No frame data available
No frame data available
No frame data available
No frame data available
No frame data available
No frame data available
No frame data available
No frame data available
No frame data available
No frame data available
No frame data available
No frame data available
No frame data available
No frame data available
No frame data available
No frame data available
No frame data available
No frame data available
No frame data available
No frame data available
No frame data available
No frame data available
No frame data available
No frame data available
No frame data available
No frame data available
No frame data available
No frame data available
No frame data available
No frame data available
No frame data available
No frame data available
No frame data available
No frame data available
No frame data available
No frame data available
No frame data available
No frame data available
No frame data available
No frame data available
No frame data available
No frame data available
No frame data available
No frame data available
No frame data available
No frame data available
No frame data available
No frame data available
No frame data available
No frame data available
Stream 20250503_191151 is no longer active.
Stream processing ended
No frame data available
No frame data available
No frame data available
No frame data available
No frame data available
Stream 20250503_191151 is no longer active.
Stream processing ended
